[INFO] Scanning for projects...
[INFO]                                                                         
[INFO] ------------------------------------------------------------------------
[INFO] Building SensorThings API (STA) 0.1-SNAPSHOT
[INFO] ------------------------------------------------------------------------
[INFO] 
[INFO] --- maven-clean-plugin:2.5:clean (default-clean) @ ets-sta10 ---
[INFO] Deleting /Users/lbermudez/Documents/Dropbox/github/ets-sta10/target
[INFO] 
[INFO] --- buildnumber-maven-plugin:1.3:create (default) @ ets-sta10 ---
[INFO] ShortRevision tag detected. The value is '10'.
[INFO] Executing: /bin/sh -c cd /Users/lbermudez/Documents/Dropbox/github/ets-sta10 && git rev-parse --verify --short=10 HEAD
[INFO] Working directory: /Users/lbermudez/Documents/Dropbox/github/ets-sta10
[INFO] Storing buildNumber: e79bfd6532 at timestamp: 1446241954297
[INFO] Storing buildScmBranch: master
[INFO] 
[INFO] --- maven-resources-plugin:2.6:resources (default-resources) @ ets-sta10 ---
[INFO] Using 'UTF-8' encoding to copy filtered resources.
[INFO] Copying 94 resources
[INFO] Copying 2 resources to doc/sta10/0.1-SNAPSHOT
[INFO] 
[INFO] --- maven-compiler-plugin:3.3:compile (default-compile) @ ets-sta10 ---
[INFO] Changes detected - recompiling the module!
[INFO] Compiling 33 source files to /Users/lbermudez/Documents/Dropbox/github/ets-sta10/target/classes
[INFO] 
[INFO] --- maven-resources-plugin:2.6:testResources (default-testResources) @ ets-sta10 ---
[INFO] Using 'UTF-8' encoding to copy filtered resources.
[INFO] Copying 7 resources
[INFO] 
[INFO] --- maven-compiler-plugin:3.3:testCompile (default-testCompile) @ ets-sta10 ---
[INFO] Changes detected - recompiling the module!
[INFO] Compiling 6 source files to /Users/lbermudez/Documents/Dropbox/github/ets-sta10/target/test-classes
[INFO] /Users/lbermudez/Documents/Dropbox/github/ets-sta10/src/test/java/org/opengis/cite/sta10/util/VerifyXMLUtils.java: Some input files use or override a deprecated API.
[INFO] /Users/lbermudez/Documents/Dropbox/github/ets-sta10/src/test/java/org/opengis/cite/sta10/util/VerifyXMLUtils.java: Recompile with -Xlint:deprecation for details.
[INFO] 
[INFO] --- maven-surefire-plugin:2.18.1:test (default-test) @ ets-sta10 ---
[INFO] Surefire report directory: /Users/lbermudez/Documents/Dropbox/github/ets-sta10/target/surefire-reports

-------------------------------------------------------
 T E S T S
-------------------------------------------------------
Running org.opengis.cite.sta10.util.VerifyURIUtils
Tests run: 5, Failures: 0, Errors: 0, Skipped: 2, Time elapsed: 0.14 sec - in org.opengis.cite.sta10.util.VerifyURIUtils
Running org.opengis.cite.sta10.util.VerifyValidationUtils
Tests run: 2, Failures: 0, Errors: 0, Skipped: 0, Time elapsed: 0.752 sec - in org.opengis.cite.sta10.util.VerifyValidationUtils
Running org.opengis.cite.sta10.util.VerifyXMLUtils
Tests run: 9, Failures: 0, Errors: 0, Skipped: 0, Time elapsed: 0.058 sec - in org.opengis.cite.sta10.util.VerifyXMLUtils

Results :

Tests run: 16, Failures: 0, Errors: 0, Skipped: 2

[INFO] 
[INFO] --- maven-site-plugin:3.4:jar (site-package) @ ets-sta10 ---
[INFO] configuring report plugin org.apache.maven.plugins:maven-project-info-reports-plugin:2.8
[INFO] configuring report plugin org.apache.maven.plugins:maven-javadoc-plugin:2.10.2
[INFO] preparing 'javadoc' report requires 'generate-sources' forked phase execution
[INFO] 
[INFO] >>> maven-javadoc-plugin:2.10.2:javadoc > generate-sources @ ets-sta10 >>>
[INFO] 
[INFO] --- buildnumber-maven-plugin:1.3:create (default) @ ets-sta10 ---
[INFO] ShortRevision tag detected. The value is '10'.
[INFO] Executing: /bin/sh -c cd /Users/lbermudez/Documents/Dropbox/github/ets-sta10 && git rev-parse --verify --short=10 HEAD
[INFO] Working directory: /Users/lbermudez/Documents/Dropbox/github/ets-sta10
[INFO] Storing buildNumber: e79bfd6532 at timestamp: 1446241958653
[INFO] Storing buildScmBranch: master
[INFO] 
[INFO] <<< maven-javadoc-plugin:2.10.2:javadoc < generate-sources @ ets-sta10 <<<
[INFO] Parent project loaded from repository: org.opengis.cite:ets-common:pom:4
[INFO] Rendering site with org.apache.maven.skins:maven-fluido-skin:jar:1.3.1 skin.
[INFO] Rendering 2 Doxia documents: 2 markdown
[INFO] Generating "Project License" report      --- maven-project-info-reports-plugin:2.8:license
[INFO] Generating "Issue Tracking" report       --- maven-project-info-reports-plugin:2.8:issue-tracking
[INFO] Generating "JavaDocs" report             --- maven-javadoc-plugin:2.10.2:javadoc
[INFO] 
Loading source files for package org.opengis.cite.sta10...
Loading source files for package org.opengis.cite.sta10.createUpdateDelete...
Loading source files for package org.opengis.cite.sta10.filteringExtension...
Loading source files for package org.opengis.cite.sta10.sensingCore...
Loading source files for package org.opengis.cite.sta10.util...
Constructing Javadoc information...
Standard Doclet version 1.7.0_79
Building tree for all the packages and classes...
Generating /Users/lbermudez/Documents/Dropbox/github/ets-sta10/target/site/apidocs/org/opengis/cite/sta10/CommonFixture.html...
Generating /Users/lbermudez/Documents/Dropbox/github/ets-sta10/target/site/apidocs/org/opengis/cite/sta10/ErrorMessage.html...
Generating /Users/lbermudez/Documents/Dropbox/github/ets-sta10/target/site/apidocs/org/opengis/cite/sta10/ErrorMessageKeys.html...
Generating /Users/lbermudez/Documents/Dropbox/github/ets-sta10/target/site/apidocs/org/opengis/cite/sta10/ETSAssert.html...
Generating /Users/lbermudez/Documents/Dropbox/github/ets-sta10/target/site/apidocs/org/opengis/cite/sta10/Namespaces.html...
Generating /Users/lbermudez/Documents/Dropbox/github/ets-sta10/target/site/apidocs/org/opengis/cite/sta10/ReusableEntityFilter.html...
Generating /Users/lbermudez/Documents/Dropbox/github/ets-sta10/target/site/apidocs/org/opengis/cite/sta10/SuiteAttribute.html...
Generating /Users/lbermudez/Documents/Dropbox/github/ets-sta10/target/site/apidocs/org/opengis/cite/sta10/SuiteFixtureListener.html...
Generating /Users/lbermudez/Documents/Dropbox/github/ets-sta10/target/site/apidocs/org/opengis/cite/sta10/TestFailureListener.html...
Generating /Users/lbermudez/Documents/Dropbox/github/ets-sta10/target/site/apidocs/org/opengis/cite/sta10/TestNGController.html...
Generating /Users/lbermudez/Documents/Dropbox/github/ets-sta10/target/site/apidocs/org/opengis/cite/sta10/TestRunArg.html...
Generating /Users/lbermudez/Documents/Dropbox/github/ets-sta10/target/site/apidocs/org/opengis/cite/sta10/TestRunListener.html...
Generating /Users/lbermudez/Documents/Dropbox/github/ets-sta10/target/site/apidocs/org/opengis/cite/sta10/createUpdateDelete/Capability2Tests.html...
Generating /Users/lbermudez/Documents/Dropbox/github/ets-sta10/target/site/apidocs/org/opengis/cite/sta10/filteringExtension/Capability3Tests.html...
Generating /Users/lbermudez/Documents/Dropbox/github/ets-sta10/target/site/apidocs/org/opengis/cite/sta10/sensingCore/Capability1Tests.html...
Generating /Users/lbermudez/Documents/Dropbox/github/ets-sta10/target/site/apidocs/org/opengis/cite/sta10/util/ClientUtils.html...
Generating /Users/lbermudez/Documents/Dropbox/github/ets-sta10/target/site/apidocs/org/opengis/cite/sta10/util/ControlInformation.html...
Generating /Users/lbermudez/Documents/Dropbox/github/ets-sta10/target/site/apidocs/org/opengis/cite/sta10/util/EntityProperties.html...
Generating /Users/lbermudez/Documents/Dropbox/github/ets-sta10/target/site/apidocs/org/opengis/cite/sta10/util/EntityPropertiesSampleValue.html...
Generating /Users/lbermudez/Documents/Dropbox/github/ets-sta10/target/site/apidocs/org/opengis/cite/sta10/util/EntityRelations.html...
Generating /Users/lbermudez/Documents/Dropbox/github/ets-sta10/target/site/apidocs/org/opengis/cite/sta10/util/EntityType.html...
Generating /Users/lbermudez/Documents/Dropbox/github/ets-sta10/target/site/apidocs/org/opengis/cite/sta10/util/HTTPMethods.html...
Generating /Users/lbermudez/Documents/Dropbox/github/ets-sta10/target/site/apidocs/org/opengis/cite/sta10/util/NamespaceBindings.html...
Generating /Users/lbermudez/Documents/Dropbox/github/ets-sta10/target/site/apidocs/org/opengis/cite/sta10/util/ServiceURLBuilder.html...
Generating /Users/lbermudez/Documents/Dropbox/github/ets-sta10/target/site/apidocs/org/opengis/cite/sta10/util/TestSuiteLogger.html...
Generating /Users/lbermudez/Documents/Dropbox/github/ets-sta10/target/site/apidocs/org/opengis/cite/sta10/util/URIUtils.html...
Generating /Users/lbermudez/Documents/Dropbox/github/ets-sta10/target/site/apidocs/org/opengis/cite/sta10/util/ValidationUtils.html...
Generating /Users/lbermudez/Documents/Dropbox/github/ets-sta10/target/site/apidocs/org/opengis/cite/sta10/util/XMLUtils.html...
Generating /Users/lbermudez/Documents/Dropbox/github/ets-sta10/target/site/apidocs/overview-frame.html...
Generating /Users/lbermudez/Documents/Dropbox/github/ets-sta10/target/site/apidocs/org/opengis/cite/sta10/package-frame.html...
Generating /Users/lbermudez/Documents/Dropbox/github/ets-sta10/target/site/apidocs/org/opengis/cite/sta10/package-summary.html...
Generating /Users/lbermudez/Documents/Dropbox/github/ets-sta10/target/site/apidocs/org/opengis/cite/sta10/package-tree.html...
Generating /Users/lbermudez/Documents/Dropbox/github/ets-sta10/target/site/apidocs/org/opengis/cite/sta10/createUpdateDelete/package-frame.html...
Generating /Users/lbermudez/Documents/Dropbox/github/ets-sta10/target/site/apidocs/org/opengis/cite/sta10/createUpdateDelete/package-summary.html...
Generating /Users/lbermudez/Documents/Dropbox/github/ets-sta10/target/site/apidocs/org/opengis/cite/sta10/createUpdateDelete/package-tree.html...
Generating /Users/lbermudez/Documents/Dropbox/github/ets-sta10/target/site/apidocs/org/opengis/cite/sta10/filteringExtension/package-frame.html...
Generating /Users/lbermudez/Documents/Dropbox/github/ets-sta10/target/site/apidocs/org/opengis/cite/sta10/filteringExtension/package-summary.html...
Generating /Users/lbermudez/Documents/Dropbox/github/ets-sta10/target/site/apidocs/org/opengis/cite/sta10/filteringExtension/package-tree.html...
Generating /Users/lbermudez/Documents/Dropbox/github/ets-sta10/target/site/apidocs/org/opengis/cite/sta10/sensingCore/package-frame.html...
Generating /Users/lbermudez/Documents/Dropbox/github/ets-sta10/target/site/apidocs/org/opengis/cite/sta10/sensingCore/package-summary.html...
Generating /Users/lbermudez/Documents/Dropbox/github/ets-sta10/target/site/apidocs/org/opengis/cite/sta10/sensingCore/package-tree.html...
Generating /Users/lbermudez/Documents/Dropbox/github/ets-sta10/target/site/apidocs/org/opengis/cite/sta10/util/package-frame.html...
Generating /Users/lbermudez/Documents/Dropbox/github/ets-sta10/target/site/apidocs/org/opengis/cite/sta10/util/package-summary.html...
Generating /Users/lbermudez/Documents/Dropbox/github/ets-sta10/target/site/apidocs/org/opengis/cite/sta10/util/package-tree.html...
Generating /Users/lbermudez/Documents/Dropbox/github/ets-sta10/target/site/apidocs/constant-values.html...
Generating /Users/lbermudez/Documents/Dropbox/github/ets-sta10/target/site/apidocs/org/opengis/cite/sta10/class-use/TestRunListener.html...
Generating /Users/lbermudez/Documents/Dropbox/github/ets-sta10/target/site/apidocs/org/opengis/cite/sta10/class-use/TestRunArg.html...
Generating /Users/lbermudez/Documents/Dropbox/github/ets-sta10/target/site/apidocs/org/opengis/cite/sta10/class-use/TestNGController.html...
Generating /Users/lbermudez/Documents/Dropbox/github/ets-sta10/target/site/apidocs/org/opengis/cite/sta10/class-use/TestFailureListener.html...
Generating /Users/lbermudez/Documents/Dropbox/github/ets-sta10/target/site/apidocs/org/opengis/cite/sta10/class-use/SuiteFixtureListener.html...
Generating /Users/lbermudez/Documents/Dropbox/github/ets-sta10/target/site/apidocs/org/opengis/cite/sta10/class-use/SuiteAttribute.html...
Generating /Users/lbermudez/Documents/Dropbox/github/ets-sta10/target/site/apidocs/org/opengis/cite/sta10/class-use/ReusableEntityFilter.html...
Generating /Users/lbermudez/Documents/Dropbox/github/ets-sta10/target/site/apidocs/org/opengis/cite/sta10/class-use/Namespaces.html...
Generating /Users/lbermudez/Documents/Dropbox/github/ets-sta10/target/site/apidocs/org/opengis/cite/sta10/class-use/ETSAssert.html...
Generating /Users/lbermudez/Documents/Dropbox/github/ets-sta10/target/site/apidocs/org/opengis/cite/sta10/class-use/ErrorMessageKeys.html...
Generating /Users/lbermudez/Documents/Dropbox/github/ets-sta10/target/site/apidocs/org/opengis/cite/sta10/class-use/ErrorMessage.html...
Generating /Users/lbermudez/Documents/Dropbox/github/ets-sta10/target/site/apidocs/org/opengis/cite/sta10/class-use/CommonFixture.html...
Generating /Users/lbermudez/Documents/Dropbox/github/ets-sta10/target/site/apidocs/org/opengis/cite/sta10/createUpdateDelete/class-use/Capability2Tests.html...
Generating /Users/lbermudez/Documents/Dropbox/github/ets-sta10/target/site/apidocs/org/opengis/cite/sta10/filteringExtension/class-use/Capability3Tests.html...
Generating /Users/lbermudez/Documents/Dropbox/github/ets-sta10/target/site/apidocs/org/opengis/cite/sta10/sensingCore/class-use/Capability1Tests.html...
Generating /Users/lbermudez/Documents/Dropbox/github/ets-sta10/target/site/apidocs/org/opengis/cite/sta10/util/class-use/XMLUtils.html...
Generating /Users/lbermudez/Documents/Dropbox/github/ets-sta10/target/site/apidocs/org/opengis/cite/sta10/util/class-use/ValidationUtils.html...
Generating /Users/lbermudez/Documents/Dropbox/github/ets-sta10/target/site/apidocs/org/opengis/cite/sta10/util/class-use/URIUtils.html...
Generating /Users/lbermudez/Documents/Dropbox/github/ets-sta10/target/site/apidocs/org/opengis/cite/sta10/util/class-use/TestSuiteLogger.html...
Generating /Users/lbermudez/Documents/Dropbox/github/ets-sta10/target/site/apidocs/org/opengis/cite/sta10/util/class-use/ServiceURLBuilder.html...
Generating /Users/lbermudez/Documents/Dropbox/github/ets-sta10/target/site/apidocs/org/opengis/cite/sta10/util/class-use/NamespaceBindings.html...
Generating /Users/lbermudez/Documents/Dropbox/github/ets-sta10/target/site/apidocs/org/opengis/cite/sta10/util/class-use/HTTPMethods.html...
Generating /Users/lbermudez/Documents/Dropbox/github/ets-sta10/target/site/apidocs/org/opengis/cite/sta10/util/class-use/EntityType.html...
Generating /Users/lbermudez/Documents/Dropbox/github/ets-sta10/target/site/apidocs/org/opengis/cite/sta10/util/class-use/EntityRelations.html...
Generating /Users/lbermudez/Documents/Dropbox/github/ets-sta10/target/site/apidocs/org/opengis/cite/sta10/util/class-use/EntityPropertiesSampleValue.html...
Generating /Users/lbermudez/Documents/Dropbox/github/ets-sta10/target/site/apidocs/org/opengis/cite/sta10/util/class-use/EntityProperties.html...
Generating /Users/lbermudez/Documents/Dropbox/github/ets-sta10/target/site/apidocs/org/opengis/cite/sta10/util/class-use/ControlInformation.html...
Generating /Users/lbermudez/Documents/Dropbox/github/ets-sta10/target/site/apidocs/org/opengis/cite/sta10/util/class-use/ClientUtils.html...
Generating /Users/lbermudez/Documents/Dropbox/github/ets-sta10/target/site/apidocs/org/opengis/cite/sta10/package-use.html...
Generating /Users/lbermudez/Documents/Dropbox/github/ets-sta10/target/site/apidocs/org/opengis/cite/sta10/createUpdateDelete/package-use.html...
Generating /Users/lbermudez/Documents/Dropbox/github/ets-sta10/target/site/apidocs/org/opengis/cite/sta10/filteringExtension/package-use.html...
Generating /Users/lbermudez/Documents/Dropbox/github/ets-sta10/target/site/apidocs/org/opengis/cite/sta10/sensingCore/package-use.html...
Generating /Users/lbermudez/Documents/Dropbox/github/ets-sta10/target/site/apidocs/org/opengis/cite/sta10/util/package-use.html...
Building index for all the packages and classes...
Generating /Users/lbermudez/Documents/Dropbox/github/ets-sta10/target/site/apidocs/overview-tree.html...
Generating /Users/lbermudez/Documents/Dropbox/github/ets-sta10/target/site/apidocs/index-all.html...
Generating /Users/lbermudez/Documents/Dropbox/github/ets-sta10/target/site/apidocs/deprecated-list.html...
Building index for all classes...
Generating /Users/lbermudez/Documents/Dropbox/github/ets-sta10/target/site/apidocs/allclasses-frame.html...
Generating /Users/lbermudez/Documents/Dropbox/github/ets-sta10/target/site/apidocs/allclasses-noframe.html...
Generating /Users/lbermudez/Documents/Dropbox/github/ets-sta10/target/site/apidocs/index.html...
Generating /Users/lbermudez/Documents/Dropbox/github/ets-sta10/target/site/apidocs/overview-summary.html...
Generating /Users/lbermudez/Documents/Dropbox/github/ets-sta10/target/site/apidocs/help-doc.html...
[INFO] Building jar: /Users/lbermudez/Documents/Dropbox/github/ets-sta10/target/ets-sta10-0.1-SNAPSHOT-site.jar
[INFO] 
[INFO] --- maven-jar-plugin:2.6:jar (default-jar) @ ets-sta10 ---
[INFO] Building jar: /Users/lbermudez/Documents/Dropbox/github/ets-sta10/target/ets-sta10-0.1-SNAPSHOT.jar
[INFO] 
[INFO] --- maven-javadoc-plugin:2.10.2:jar (attach-javadocs) @ ets-sta10 ---
[INFO] 
Loading source files for package org.opengis.cite.sta10...
Loading source files for package org.opengis.cite.sta10.createUpdateDelete...
Loading source files for package org.opengis.cite.sta10.filteringExtension...
Loading source files for package org.opengis.cite.sta10.sensingCore...
Loading source files for package org.opengis.cite.sta10.util...
Constructing Javadoc information...
Standard Doclet version 1.7.0_79
Building tree for all the packages and classes...
Generating /Users/lbermudez/Documents/Dropbox/github/ets-sta10/target/apidocs/org/opengis/cite/sta10/CommonFixture.html...
Generating /Users/lbermudez/Documents/Dropbox/github/ets-sta10/target/apidocs/org/opengis/cite/sta10/ErrorMessage.html...
Generating /Users/lbermudez/Documents/Dropbox/github/ets-sta10/target/apidocs/org/opengis/cite/sta10/ErrorMessageKeys.html...
Generating /Users/lbermudez/Documents/Dropbox/github/ets-sta10/target/apidocs/org/opengis/cite/sta10/ETSAssert.html...
Generating /Users/lbermudez/Documents/Dropbox/github/ets-sta10/target/apidocs/org/opengis/cite/sta10/Namespaces.html...
Generating /Users/lbermudez/Documents/Dropbox/github/ets-sta10/target/apidocs/org/opengis/cite/sta10/ReusableEntityFilter.html...
Generating /Users/lbermudez/Documents/Dropbox/github/ets-sta10/target/apidocs/org/opengis/cite/sta10/SuiteAttribute.html...
Generating /Users/lbermudez/Documents/Dropbox/github/ets-sta10/target/apidocs/org/opengis/cite/sta10/SuiteFixtureListener.html...
Generating /Users/lbermudez/Documents/Dropbox/github/ets-sta10/target/apidocs/org/opengis/cite/sta10/TestFailureListener.html...
Generating /Users/lbermudez/Documents/Dropbox/github/ets-sta10/target/apidocs/org/opengis/cite/sta10/TestNGController.html...
Generating /Users/lbermudez/Documents/Dropbox/github/ets-sta10/target/apidocs/org/opengis/cite/sta10/TestRunArg.html...
Generating /Users/lbermudez/Documents/Dropbox/github/ets-sta10/target/apidocs/org/opengis/cite/sta10/TestRunListener.html...
Generating /Users/lbermudez/Documents/Dropbox/github/ets-sta10/target/apidocs/org/opengis/cite/sta10/createUpdateDelete/Capability2Tests.html...
Generating /Users/lbermudez/Documents/Dropbox/github/ets-sta10/target/apidocs/org/opengis/cite/sta10/filteringExtension/Capability3Tests.html...
Generating /Users/lbermudez/Documents/Dropbox/github/ets-sta10/target/apidocs/org/opengis/cite/sta10/sensingCore/Capability1Tests.html...
Generating /Users/lbermudez/Documents/Dropbox/github/ets-sta10/target/apidocs/org/opengis/cite/sta10/util/ClientUtils.html...
Generating /Users/lbermudez/Documents/Dropbox/github/ets-sta10/target/apidocs/org/opengis/cite/sta10/util/ControlInformation.html...
Generating /Users/lbermudez/Documents/Dropbox/github/ets-sta10/target/apidocs/org/opengis/cite/sta10/util/EntityProperties.html...
Generating /Users/lbermudez/Documents/Dropbox/github/ets-sta10/target/apidocs/org/opengis/cite/sta10/util/EntityPropertiesSampleValue.html...
Generating /Users/lbermudez/Documents/Dropbox/github/ets-sta10/target/apidocs/org/opengis/cite/sta10/util/EntityRelations.html...
Generating /Users/lbermudez/Documents/Dropbox/github/ets-sta10/target/apidocs/org/opengis/cite/sta10/util/EntityType.html...
Generating /Users/lbermudez/Documents/Dropbox/github/ets-sta10/target/apidocs/org/opengis/cite/sta10/util/HTTPMethods.html...
Generating /Users/lbermudez/Documents/Dropbox/github/ets-sta10/target/apidocs/org/opengis/cite/sta10/util/NamespaceBindings.html...
Generating /Users/lbermudez/Documents/Dropbox/github/ets-sta10/target/apidocs/org/opengis/cite/sta10/util/ServiceURLBuilder.html...
Generating /Users/lbermudez/Documents/Dropbox/github/ets-sta10/target/apidocs/org/opengis/cite/sta10/util/TestSuiteLogger.html...
Generating /Users/lbermudez/Documents/Dropbox/github/ets-sta10/target/apidocs/org/opengis/cite/sta10/util/URIUtils.html...
Generating /Users/lbermudez/Documents/Dropbox/github/ets-sta10/target/apidocs/org/opengis/cite/sta10/util/ValidationUtils.html...
Generating /Users/lbermudez/Documents/Dropbox/github/ets-sta10/target/apidocs/org/opengis/cite/sta10/util/XMLUtils.html...
Generating /Users/lbermudez/Documents/Dropbox/github/ets-sta10/target/apidocs/overview-frame.html...
Generating /Users/lbermudez/Documents/Dropbox/github/ets-sta10/target/apidocs/org/opengis/cite/sta10/package-frame.html...
Generating /Users/lbermudez/Documents/Dropbox/github/ets-sta10/target/apidocs/org/opengis/cite/sta10/package-summary.html...
Generating /Users/lbermudez/Documents/Dropbox/github/ets-sta10/target/apidocs/org/opengis/cite/sta10/package-tree.html...
Generating /Users/lbermudez/Documents/Dropbox/github/ets-sta10/target/apidocs/org/opengis/cite/sta10/createUpdateDelete/package-frame.html...
Generating /Users/lbermudez/Documents/Dropbox/github/ets-sta10/target/apidocs/org/opengis/cite/sta10/createUpdateDelete/package-summary.html...
Generating /Users/lbermudez/Documents/Dropbox/github/ets-sta10/target/apidocs/org/opengis/cite/sta10/createUpdateDelete/package-tree.html...
Generating /Users/lbermudez/Documents/Dropbox/github/ets-sta10/target/apidocs/org/opengis/cite/sta10/filteringExtension/package-frame.html...
Generating /Users/lbermudez/Documents/Dropbox/github/ets-sta10/target/apidocs/org/opengis/cite/sta10/filteringExtension/package-summary.html...
Generating /Users/lbermudez/Documents/Dropbox/github/ets-sta10/target/apidocs/org/opengis/cite/sta10/filteringExtension/package-tree.html...
Generating /Users/lbermudez/Documents/Dropbox/github/ets-sta10/target/apidocs/org/opengis/cite/sta10/sensingCore/package-frame.html...
Generating /Users/lbermudez/Documents/Dropbox/github/ets-sta10/target/apidocs/org/opengis/cite/sta10/sensingCore/package-summary.html...
Generating /Users/lbermudez/Documents/Dropbox/github/ets-sta10/target/apidocs/org/opengis/cite/sta10/sensingCore/package-tree.html...
Generating /Users/lbermudez/Documents/Dropbox/github/ets-sta10/target/apidocs/org/opengis/cite/sta10/util/package-frame.html...
Generating /Users/lbermudez/Documents/Dropbox/github/ets-sta10/target/apidocs/org/opengis/cite/sta10/util/package-summary.html...
Generating /Users/lbermudez/Documents/Dropbox/github/ets-sta10/target/apidocs/org/opengis/cite/sta10/util/package-tree.html...
Generating /Users/lbermudez/Documents/Dropbox/github/ets-sta10/target/apidocs/constant-values.html...
Generating /Users/lbermudez/Documents/Dropbox/github/ets-sta10/target/apidocs/org/opengis/cite/sta10/class-use/TestRunListener.html...
Generating /Users/lbermudez/Documents/Dropbox/github/ets-sta10/target/apidocs/org/opengis/cite/sta10/class-use/TestRunArg.html...
Generating /Users/lbermudez/Documents/Dropbox/github/ets-sta10/target/apidocs/org/opengis/cite/sta10/class-use/TestNGController.html...
Generating /Users/lbermudez/Documents/Dropbox/github/ets-sta10/target/apidocs/org/opengis/cite/sta10/class-use/TestFailureListener.html...
Generating /Users/lbermudez/Documents/Dropbox/github/ets-sta10/target/apidocs/org/opengis/cite/sta10/class-use/SuiteFixtureListener.html...
Generating /Users/lbermudez/Documents/Dropbox/github/ets-sta10/target/apidocs/org/opengis/cite/sta10/class-use/SuiteAttribute.html...
Generating /Users/lbermudez/Documents/Dropbox/github/ets-sta10/target/apidocs/org/opengis/cite/sta10/class-use/ReusableEntityFilter.html...
Generating /Users/lbermudez/Documents/Dropbox/github/ets-sta10/target/apidocs/org/opengis/cite/sta10/class-use/Namespaces.html...
Generating /Users/lbermudez/Documents/Dropbox/github/ets-sta10/target/apidocs/org/opengis/cite/sta10/class-use/ETSAssert.html...
Generating /Users/lbermudez/Documents/Dropbox/github/ets-sta10/target/apidocs/org/opengis/cite/sta10/class-use/ErrorMessageKeys.html...
Generating /Users/lbermudez/Documents/Dropbox/github/ets-sta10/target/apidocs/org/opengis/cite/sta10/class-use/ErrorMessage.html...
Generating /Users/lbermudez/Documents/Dropbox/github/ets-sta10/target/apidocs/org/opengis/cite/sta10/class-use/CommonFixture.html...
Generating /Users/lbermudez/Documents/Dropbox/github/ets-sta10/target/apidocs/org/opengis/cite/sta10/createUpdateDelete/class-use/Capability2Tests.html...
Generating /Users/lbermudez/Documents/Dropbox/github/ets-sta10/target/apidocs/org/opengis/cite/sta10/filteringExtension/class-use/Capability3Tests.html...
Generating /Users/lbermudez/Documents/Dropbox/github/ets-sta10/target/apidocs/org/opengis/cite/sta10/sensingCore/class-use/Capability1Tests.html...
Generating /Users/lbermudez/Documents/Dropbox/github/ets-sta10/target/apidocs/org/opengis/cite/sta10/util/class-use/XMLUtils.html...
Generating /Users/lbermudez/Documents/Dropbox/github/ets-sta10/target/apidocs/org/opengis/cite/sta10/util/class-use/ValidationUtils.html...
Generating /Users/lbermudez/Documents/Dropbox/github/ets-sta10/target/apidocs/org/opengis/cite/sta10/util/class-use/URIUtils.html...
Generating /Users/lbermudez/Documents/Dropbox/github/ets-sta10/target/apidocs/org/opengis/cite/sta10/util/class-use/TestSuiteLogger.html...
Generating /Users/lbermudez/Documents/Dropbox/github/ets-sta10/target/apidocs/org/opengis/cite/sta10/util/class-use/ServiceURLBuilder.html...
Generating /Users/lbermudez/Documents/Dropbox/github/ets-sta10/target/apidocs/org/opengis/cite/sta10/util/class-use/NamespaceBindings.html...
Generating /Users/lbermudez/Documents/Dropbox/github/ets-sta10/target/apidocs/org/opengis/cite/sta10/util/class-use/HTTPMethods.html...
Generating /Users/lbermudez/Documents/Dropbox/github/ets-sta10/target/apidocs/org/opengis/cite/sta10/util/class-use/EntityType.html...
Generating /Users/lbermudez/Documents/Dropbox/github/ets-sta10/target/apidocs/org/opengis/cite/sta10/util/class-use/EntityRelations.html...
Generating /Users/lbermudez/Documents/Dropbox/github/ets-sta10/target/apidocs/org/opengis/cite/sta10/util/class-use/EntityPropertiesSampleValue.html...
Generating /Users/lbermudez/Documents/Dropbox/github/ets-sta10/target/apidocs/org/opengis/cite/sta10/util/class-use/EntityProperties.html...
Generating /Users/lbermudez/Documents/Dropbox/github/ets-sta10/target/apidocs/org/opengis/cite/sta10/util/class-use/ControlInformation.html...
Generating /Users/lbermudez/Documents/Dropbox/github/ets-sta10/target/apidocs/org/opengis/cite/sta10/util/class-use/ClientUtils.html...
Generating /Users/lbermudez/Documents/Dropbox/github/ets-sta10/target/apidocs/org/opengis/cite/sta10/package-use.html...
Generating /Users/lbermudez/Documents/Dropbox/github/ets-sta10/target/apidocs/org/opengis/cite/sta10/createUpdateDelete/package-use.html...
Generating /Users/lbermudez/Documents/Dropbox/github/ets-sta10/target/apidocs/org/opengis/cite/sta10/filteringExtension/package-use.html...
Generating /Users/lbermudez/Documents/Dropbox/github/ets-sta10/target/apidocs/org/opengis/cite/sta10/sensingCore/package-use.html...
Generating /Users/lbermudez/Documents/Dropbox/github/ets-sta10/target/apidocs/org/opengis/cite/sta10/util/package-use.html...
Building index for all the packages and classes...
Generating /Users/lbermudez/Documents/Dropbox/github/ets-sta10/target/apidocs/overview-tree.html...
Generating /Users/lbermudez/Documents/Dropbox/github/ets-sta10/target/apidocs/index-all.html...
Generating /Users/lbermudez/Documents/Dropbox/github/ets-sta10/target/apidocs/deprecated-list.html...
Building index for all classes...
Generating /Users/lbermudez/Documents/Dropbox/github/ets-sta10/target/apidocs/allclasses-frame.html...
Generating /Users/lbermudez/Documents/Dropbox/github/ets-sta10/target/apidocs/allclasses-noframe.html...
Generating /Users/lbermudez/Documents/Dropbox/github/ets-sta10/target/apidocs/index.html...
Generating /Users/lbermudez/Documents/Dropbox/github/ets-sta10/target/apidocs/overview-summary.html...
Generating /Users/lbermudez/Documents/Dropbox/github/ets-sta10/target/apidocs/help-doc.html...
[INFO] Building jar: /Users/lbermudez/Documents/Dropbox/github/ets-sta10/target/ets-sta10-0.1-SNAPSHOT-javadoc.jar
[INFO] 
[INFO] --- maven-assembly-plugin:2.5.2:single (default) @ ets-sta10 ---
[INFO] Reading assembly descriptor: /Users/lbermudez/Documents/Dropbox/github/ets-sta10/src/assembly/deps.xml
[INFO] Reading assembly descriptor: /Users/lbermudez/Documents/Dropbox/github/ets-sta10/src/assembly/ctl-scripts.xml
[INFO] Adding site directory to assembly : /Users/lbermudez/Documents/Dropbox/github/ets-sta10/target/site
[INFO] Reading assembly descriptor: /Users/lbermudez/Documents/Dropbox/github/ets-sta10/src/assembly/aio.xml
[INFO] Building zip: /Users/lbermudez/Documents/Dropbox/github/ets-sta10/target/ets-sta10-0.1-SNAPSHOT-deps.zip
[INFO] Building tar: /Users/lbermudez/Documents/Dropbox/github/ets-sta10/target/ets-sta10-0.1-SNAPSHOT-deps.tar.gz
[INFO] Building zip: /Users/lbermudez/Documents/Dropbox/github/ets-sta10/target/ets-sta10-0.1-SNAPSHOT-ctl.zip
[INFO] Building jar: /Users/lbermudez/Documents/Dropbox/github/ets-sta10/target/ets-sta10-0.1-SNAPSHOT-aio.jar
[INFO] 
[INFO] --- maven-install-plugin:2.4:install (default-install) @ ets-sta10 ---
[INFO] Installing /Users/lbermudez/Documents/Dropbox/github/ets-sta10/target/ets-sta10-0.1-SNAPSHOT.jar to /Users/lbermudez/.m2/repository/org/opengis/cite/ets-sta10/0.1-SNAPSHOT/ets-sta10-0.1-SNAPSHOT.jar
[INFO] Installing /Users/lbermudez/Documents/Dropbox/github/ets-sta10/pom.xml to /Users/lbermudez/.m2/repository/org/opengis/cite/ets-sta10/0.1-SNAPSHOT/ets-sta10-0.1-SNAPSHOT.pom
[INFO] Installing /Users/lbermudez/Documents/Dropbox/github/ets-sta10/target/ets-sta10-0.1-SNAPSHOT-site.jar to /Users/lbermudez/.m2/repository/org/opengis/cite/ets-sta10/0.1-SNAPSHOT/ets-sta10-0.1-SNAPSHOT-site.jar
[INFO] Installing /Users/lbermudez/Documents/Dropbox/github/ets-sta10/target/ets-sta10-0.1-SNAPSHOT-javadoc.jar to /Users/lbermudez/.m2/repository/org/opengis/cite/ets-sta10/0.1-SNAPSHOT/ets-sta10-0.1-SNAPSHOT-javadoc.jar
[INFO] Installing /Users/lbermudez/Documents/Dropbox/github/ets-sta10/target/ets-sta10-0.1-SNAPSHOT-deps.zip to /Users/lbermudez/.m2/repository/org/opengis/cite/ets-sta10/0.1-SNAPSHOT/ets-sta10-0.1-SNAPSHOT-deps.zip
[INFO] Installing /Users/lbermudez/Documents/Dropbox/github/ets-sta10/target/ets-sta10-0.1-SNAPSHOT-deps.tar.gz to /Users/lbermudez/.m2/repository/org/opengis/cite/ets-sta10/0.1-SNAPSHOT/ets-sta10-0.1-SNAPSHOT-deps.tar.gz
[INFO] Installing /Users/lbermudez/Documents/Dropbox/github/ets-sta10/target/ets-sta10-0.1-SNAPSHOT-ctl.zip to /Users/lbermudez/.m2/repository/org/opengis/cite/ets-sta10/0.1-SNAPSHOT/ets-sta10-0.1-SNAPSHOT-ctl.zip
[INFO] Installing /Users/lbermudez/Documents/Dropbox/github/ets-sta10/target/ets-sta10-0.1-SNAPSHOT-aio.jar to /Users/lbermudez/.m2/repository/org/opengis/cite/ets-sta10/0.1-SNAPSHOT/ets-sta10-0.1-SNAPSHOT-aio.jar
[INFO] ------------------------------------------------------------------------
[INFO] BUILD SUCCESS
[INFO] ------------------------------------------------------------------------
[INFO] Total time: 13.029 s
[INFO] Finished at: 2015-10-30T17:52:46-04:00
[INFO] Final Memory: 51M/440M
[INFO] ------------------------------------------------------------------------
